<?xml version="1.0" encoding="UTF-8"?>
<!-- Generated by org.testng.reporters.JUnitReportReporter -->
<testsuite hostname="DESKTOP-6JVV5KL" failures="0" tests="2" name="Test.LoginTest" time="19.162" errors="0" timestamp="2024-05-10T01:56:40 IST" skipped="0">
  <testcase classname="Test.LoginTest" name="login" time="2.039"/>
  <testcase classname="Test.LoginTest" name="validatedata" time="17.123"/>
</testsuite> <!-- Test.LoginTest -->
